0 info it worked if it ends with ok
1 verbose cli [ 'E:\\Storage\\node_env\\share\\nodejs\\node-v6.9.5-x86\\nodejs\\node.exe',
1 verbose cli   'E:\\Storage\\node_env\\share\\nodejs\\node-v6.9.5-x86\\nodejs\\node_modules\\npm\\bin\\npm-cli.js',
1 verbose cli   'start' ]
2 info using npm@3.10.10
3 info using node@v6.9.5
4 verbose run-script [ 'prestart', 'start', 'poststart' ]
5 info lifecycle zero-seo@0.0.0~prestart: zero-seo@0.0.0
6 silly lifecycle zero-seo@0.0.0~prestart: no script for prestart, continuing
7 info lifecycle zero-seo@0.0.0~start: zero-seo@0.0.0
8 verbose lifecycle zero-seo@0.0.0~start: unsafe-perm in lifecycle true
9 verbose lifecycle zero-seo@0.0.0~start: PATH: E:\Storage\node_env\share\nodejs\node-v6.9.5-x86\nodejs\node_modules\npm\bin\node-gyp-bin;E:\Storage\Node_Projects\zero-seo\node_modules\.bin;C:\Users\tjbortz1s\bin;C:\Program Files\Git\mingw64\bin;C:\Program Files\Git\usr\local\bin;C:\Program Files\Git\usr\bin;C:\Program Files\Git\usr\bin;C:\Program Files\Git\mingw64\bin;C:\Program Files\Git\usr\bin;C:\Users\tjbortz1s\bin;E:\Storage\node_env\share\nodejs\node-v6.9.5-x86\nodejs;C:\ProgramData\Oracle\Java\javapath;C:\Ruby22\bin;C:\Python34;C:\Python34\Scripts;C:\Unicon\bin;C:\Program Files (x86)\NVIDIA Corporation\PhysX\Common;C:\Windows\system32;C:\Windows;C:\Windows\System32\Wbem;C:\Windows\System32\WindowsPowerShell\v1.0;C:\Program Files (x86)\Intel\OpenCL SDK\2.0\bin\x86;C:\Program Files (x86)\Intel\OpenCL SDK\2.0\bin\x64;C:\Program Files (x86)\PharosSystems\Core;C:\Program Files\Microsoft\Web Platform Installer;C:\Program Files (x86)\Microsoft ASP.NET\ASP.NET Web Pages\v1.0;C:\Program Files\Microsoft SQL Server\110\Tools\Binn;C:\Program Files (x86)\Microsoft SQL Server\100\Tools\Binn;C:\Program Files\Microsoft SQL Server\100\Tools\Binn;C:\Program Files\Microsoft SQL Server\100\DTS\Binn;C:\CS-Downloads\TDM-GCC-64\bin;C:\TDM-GCC-64\bin;C:\Program Files\MATLAB\R2015a\bin;C:\Program Files\IBM\SPSS\Statistics\24\JRE\bin;C:\Windows\system32\config\systemprofile\.dnx\bin;C:\Program Files\Microsoft DNX\Dnvm;C:\Program Files\Microsoft SQL Server\120\Tools\Binn;C:\Program Files\Microsoft SQL Server\130\Tools\Binn;C:\Program Files (x86)\Windows Kits\10\Windows Performance Toolkit;C:\Program Files (x86)\nodejs;C:\Program Files\Git\cmd;C:\Users\csfaculty\AppData\Roaming\npm;C:\Program Files\Git\usr\bin\vendor_perl;C:\Program Files\Git\usr\bin\core_perl
10 verbose lifecycle zero-seo@0.0.0~start: CWD: E:\Storage\Node_Projects\zero-seo
11 silly lifecycle zero-seo@0.0.0~start: Args: [ '/d /s /c', 'node ./bin/www' ]
12 silly lifecycle zero-seo@0.0.0~start: Returned: code: 3221225786  signal: null
13 info lifecycle zero-seo@0.0.0~start: Failed to exec start script
14 verbose stack Error: zero-seo@0.0.0 start: `node ./bin/www`
14 verbose stack Exit status 3221225786
14 verbose stack     at EventEmitter.<anonymous> (E:\Storage\node_env\share\nodejs\node-v6.9.5-x86\nodejs\node_modules\npm\lib\utils\lifecycle.js:255:16)
14 verbose stack     at emitTwo (events.js:106:13)
14 verbose stack     at EventEmitter.emit (events.js:191:7)
14 verbose stack     at ChildProcess.<anonymous> (E:\Storage\node_env\share\nodejs\node-v6.9.5-x86\nodejs\node_modules\npm\lib\utils\spawn.js:40:14)
14 verbose stack     at emitTwo (events.js:106:13)
14 verbose stack     at ChildProcess.emit (events.js:191:7)
14 verbose stack     at maybeClose (internal/child_process.js:877:16)
14 verbose stack     at Process.ChildProcess._handle.onexit (internal/child_process.js:226:5)
15 verbose pkgid zero-seo@0.0.0
16 verbose cwd E:\Storage\Node_Projects\zero-seo
17 error Windows_NT 6.1.7601
18 error argv "E:\\Storage\\node_env\\share\\nodejs\\node-v6.9.5-x86\\nodejs\\node.exe" "E:\\Storage\\node_env\\share\\nodejs\\node-v6.9.5-x86\\nodejs\\node_modules\\npm\\bin\\npm-cli.js" "start"
19 error node v6.9.5
20 error npm  v3.10.10
21 error code ELIFECYCLE
22 error zero-seo@0.0.0 start: `node ./bin/www`
22 error Exit status 3221225786
23 error Failed at the zero-seo@0.0.0 start script 'node ./bin/www'.
23 error Make sure you have the latest version of node.js and npm installed.
23 error If you do, this is most likely a problem with the zero-seo package,
23 error not with npm itself.
23 error Tell the author that this fails on your system:
23 error     node ./bin/www
23 error You can get information on how to open an issue for this project with:
23 error     npm bugs zero-seo
23 error Or if that isn't available, you can get their info via:
23 error     npm owner ls zero-seo
23 error There is likely additional logging output above.
24 verbose exit [ 1, true ]
